C:\Program Files (x86)\Microsoft Visual Studio\2017\Community\Common7\IDE\VC\VCTargets\Microsoft.CppBuild.targets(391,5): warning MSB8028: The intermediate directory (Debug\) contains files shared from another project (Multiplayer TicTacToe by Teena 0118856.vcxproj, Particle System by 0118856 Teena.vcxproj).  This can lead to incorrect clean and rebuild behavior.
  ConsoleApplication1.cpp
c:\program files (x86)\windows kits\10\include\10.0.17763.0\shared\minwindef.h(130): warning C4005: 'APIENTRY': macro redefinition
  d:\game development\school project\semester 8\data com\assignment3\0118856_teena_multiplayer top-down shooting game\_test\0118856_teena_neon\dependency\glfw\include\glfw\glfw3.h(104): note: see previous definition of 'APIENTRY'
d:\game development\school project\semester 8\data com\assignment3\0118856_teena_multiplayer top-down shooting game\_test\0118856_teena_neon\consoleapplication1\gui.h(119): warning C4244: 'argument': conversion from 'int' to 'float', possible loss of data
d:\game development\school project\semester 8\data com\assignment3\0118856_teena_multiplayer top-down shooting game\_test\0118856_teena_neon\consoleapplication1\gui.h(136): warning C4244: 'argument': conversion from 'int' to 'float', possible loss of data
d:\game development\school project\semester 8\data com\assignment3\0118856_teena_multiplayer top-down shooting game\_test\0118856_teena_neon\consoleapplication1\gui.h(205): warning C4244: 'initializing': conversion from 'float' to 'int', possible loss of data
d:\game development\school project\semester 8\data com\assignment3\0118856_teena_multiplayer top-down shooting game\_test\0118856_teena_neon\consoleapplication1\gui.h(206): warning C4244: 'initializing': conversion from 'float' to 'size_t', possible loss of data
d:\game development\school project\semester 8\data com\assignment3\0118856_teena_multiplayer top-down shooting game\_test\0118856_teena_neon\consoleapplication1\gui.h(266): warning C4244: 'argument': conversion from 'int' to 'float', possible loss of data
d:\game development\school project\semester 8\data com\assignment3\0118856_teena_multiplayer top-down shooting game\_test\0118856_teena_neon\consoleapplication1\consoleapplication1.cpp(40): warning C4244: 'argument': conversion from 'float' to 'GLint', possible loss of data
d:\game development\school project\semester 8\data com\assignment3\0118856_teena_multiplayer top-down shooting game\_test\0118856_teena_neon\consoleapplication1\consoleapplication1.cpp(57): warning C4244: '+=': conversion from 'double' to 'float', possible loss of data
d:\game development\school project\semester 8\data com\assignment3\0118856_teena_multiplayer top-down shooting game\_test\0118856_teena_neon\consoleapplication1\consoleapplication1.cpp(129): warning C4244: 'argument': conversion from 'time_t' to 'unsigned int', possible loss of data
  NeonShooter.cpp
d:\game development\school project\semester 8\data com\assignment3\0118856_teena_multiplayer top-down shooting game\_test\0118856_teena_neon\consoleapplication1\neonshooter.cpp(168): warning C4244: '-=': conversion from 'double' to 'float', possible loss of data
d:\game development\school project\semester 8\data com\assignment3\0118856_teena_multiplayer top-down shooting game\_test\0118856_teena_neon\consoleapplication1\neonshooter.cpp(204): warning C4244: '-=': conversion from 'double' to 'float', possible loss of data
d:\game development\school project\semester 8\data com\assignment3\0118856_teena_multiplayer top-down shooting game\_test\0118856_teena_neon\consoleapplication1\neonshooter.cpp(708): warning C4305: 'argument': truncation from 'double' to 'float'
d:\game development\school project\semester 8\data com\assignment3\0118856_teena_multiplayer top-down shooting game\_test\0118856_teena_neon\consoleapplication1\neonshooter.cpp(714): warning C4305: 'argument': truncation from 'double' to 'float'
d:\game development\school project\semester 8\data com\assignment3\0118856_teena_multiplayer top-down shooting game\_test\0118856_teena_neon\consoleapplication1\neonshooter.cpp(724): warning C4305: 'argument': truncation from 'double' to 'float'
d:\game development\school project\semester 8\data com\assignment3\0118856_teena_multiplayer top-down shooting game\_test\0118856_teena_neon\consoleapplication1\neonshooter.cpp(728): warning C4305: 'argument': truncation from 'double' to 'float'
d:\game development\school project\semester 8\data com\assignment3\0118856_teena_multiplayer top-down shooting game\_test\0118856_teena_neon\consoleapplication1\neonshooter.cpp(733): warning C4305: 'argument': truncation from 'double' to 'float'
d:\game development\school project\semester 8\data com\assignment3\0118856_teena_multiplayer top-down shooting game\_test\0118856_teena_neon\consoleapplication1\neonshooter.cpp(734): warning C4305: 'argument': truncation from 'double' to 'float'
d:\game development\school project\semester 8\data com\assignment3\0118856_teena_multiplayer top-down shooting game\_test\0118856_teena_neon\consoleapplication1\neonshooter.cpp(768): warning C4244: 'argument': conversion from 'int' to 'float', possible loss of data
d:\game development\school project\semester 8\data com\assignment3\0118856_teena_multiplayer top-down shooting game\_test\0118856_teena_neon\consoleapplication1\neonshooter.cpp(875): warning C4244: 'argument': conversion from 'double' to 'float', possible loss of data
d:\game development\school project\semester 8\data com\assignment3\0118856_teena_multiplayer top-down shooting game\_test\0118856_teena_neon\consoleapplication1\neonshooter.cpp(907): warning C4244: 'argument': conversion from 'int' to 'float', possible loss of data
d:\game development\school project\semester 8\data com\assignment3\0118856_teena_multiplayer top-down shooting game\_test\0118856_teena_neon\consoleapplication1\neonshooter.cpp(909): warning C4244: 'argument': conversion from 'int' to 'float', possible loss of data
d:\game development\school project\semester 8\data com\assignment3\0118856_teena_multiplayer top-down shooting game\_test\0118856_teena_neon\consoleapplication1\neonshooter.cpp(911): warning C4244: 'argument': conversion from 'int' to 'float', possible loss of data
  Generating Code...
  ConsoleApplication1.vcxproj -> D:\Game Development\School Project\Semester 8\Data Com\Assignment3\0118856_Teena_Multiplayer Top-Down Shooting Game\_Test\0118856_Teena_Neon\Debug\Multiplayer NeonShooter by Teena 0118856.exe
